{"contracts/BetToken.sol":{"l":{"52":0,"53":0,"67":0},"path":"/home/fabianorodrigo/Projetos/solidity/dAppSoccerBet/backend-truffle/contracts/BetToken.sol","s":{"1":0},"b":{},"f":{"1":0,"2":0},"fnMap":{"1":{"name":"constructor","line":46,"loc":{"start":{"line":46,"column":4},"end":{"line":46,"column":52}}},"2":{"name":"destroyContract","line":66,"loc":{"start":{"line":66,"column":4},"end":{"line":68,"column":4}}}},"statementMap":{"1":{"start":{"line":67,"column":8},"end":{"line":67,"column":42}}},"branchMap":{}},"contracts/Calculator.sol":{"l":{"28":0,"41":0,"42":0,"43":0,"76":0,"78":0},"path":"/home/fabianorodrigo/Projetos/solidity/dAppSoccerBet/backend-truffle/contracts/Calculator.sol","s":{"1":0,"2":0,"3":0,"4":0},"b":{"1":[0,0]},"f":{"1":0,"2":0,"3":0,"4":0},"fnMap":{"1":{"name":"constructor","line":12,"loc":{"start":{"line":12,"column":4},"end":{"line":12,"column":19}}},"2":{"name":"calcPercentage","line":22,"loc":{"start":{"line":22,"column":4},"end":{"line":29,"column":4}}},"3":{"name":"mulDiv","line":36,"loc":{"start":{"line":36,"column":4},"end":{"line":62,"column":4}}},"4":{"name":"fullMul","line":68,"loc":{"start":{"line":68,"column":4},"end":{"line":87,"column":4}}}},"statementMap":{"1":{"start":{"line":28,"column":8},"end":{"line":28,"column":50}},"2":{"start":{"line":41,"column":8},"end":{"line":41,"column":46}},"3":{"start":{"line":42,"column":8},"end":{"line":42,"column":21}},"4":{"start":{"line":76,"column":8},"end":{"line":76,"column":52}}},"branchMap":{"1":{"line":42,"type":"if","locations":[{"start":{"line":42,"column":8},"end":{"line":42,"column":8}},{"start":{"line":42,"column":8},"end":{"line":42,"column":8}}]}}},"contracts/Game.sol":{"l":{"135":0,"136":0,"137":0,"138":0,"139":0,"140":0,"141":0,"142":0,"143":0,"162":0,"163":0,"164":0,"165":0,"181":0,"182":0,"183":0,"184":0,"192":0,"193":0,"194":0,"195":0,"211":0,"212":0,"213":0,"214":0,"224":0,"225":0,"230":0,"231":0,"232":0,"233":0,"252":0,"260":0,"268":0,"276":0,"288":0,"298":0,"299":0,"300":0,"301":0,"302":0,"306":0,"307":0,"308":0,"310":0,"313":0,"314":0,"318":0,"319":0,"323":0,"325":0,"329":0,"332":0,"333":0,"334":0,"337":0},"path":"/home/fabianorodrigo/Projetos/solidity/dAppSoccerBet/backend-truffle/contracts/Game.sol","s":{"1":0,"2":0,"3":0,"4":0,"5":0,"6":0,"7":0,"8":0,"9":0,"10":0,"11":0,"12":0,"13":0,"14":0,"15":0,"16":0,"17":0,"18":0,"19":0,"20":0,"21":0,"22":0,"23":0,"24":0,"25":0,"26":0,"27":0,"28":0,"29":0,"30":0,"31":0,"32":0,"33":0,"34":0,"35":0,"36":0,"37":0,"38":0,"39":0,"40":0,"41":0,"42":0,"43":0,"44":0,"45":0,"46":0,"47":0,"48":0,"49":0,"50":0,"51":0,"52":0,"53":0,"54":0,"55":0},"b":{"1":[0,0],"2":[0,0],"3":[0,0],"4":[0,0],"5":[0,0],"6":[0,0],"7":[0,0],"8":[0,0],"9":[0,0],"10":[0,0],"11":[0,0],"12":[0,0],"13":[0,0],"14":[0,0],"15":[0,0]},"f":{"1":0,"2":0,"3":0,"4":0,"5":0,"6":0,"7":0,"8":0,"9":0,"10":0,"11":0},"fnMap":{"1":{"name":"constructor","line":134,"loc":{"start":{"line":126,"column":4},"end":{"line":144,"column":4}}},"2":{"name":"openForBetting","line":161,"loc":{"start":{"line":161,"column":4},"end":{"line":166,"column":4}}},"3":{"name":"bet","line":180,"loc":{"start":{"line":180,"column":4},"end":{"line":204,"column":4}}},"4":{"name":"closeForBetting","line":210,"loc":{"start":{"line":210,"column":4},"end":{"line":215,"column":4}}},"5":{"name":"finalizeGame","line":223,"loc":{"start":{"line":223,"column":4},"end":{"line":241,"column":4}}},"6":{"name":"listBets","line":251,"loc":{"start":{"line":251,"column":4},"end":{"line":253,"column":4}}},"7":{"name":"getTotalStake","line":259,"loc":{"start":{"line":259,"column":4},"end":{"line":261,"column":4}}},"8":{"name":"getCommissionValue","line":267,"loc":{"start":{"line":267,"column":4},"end":{"line":269,"column":4}}},"9":{"name":"getPrize","line":275,"loc":{"start":{"line":275,"column":4},"end":{"line":277,"column":4}}},"10":{"name":"destroyContract","line":287,"loc":{"start":{"line":287,"column":4},"end":{"line":289,"column":4}}},"11":{"name":"payPrizes","line":297,"loc":{"start":{"line":297,"column":4},"end":{"line":338,"column":4}}}},"statementMap":{"1":{"start":{"line":135,"column":8},"end":{"line":135,"column":23}},"2":{"start":{"line":136,"column":8},"end":{"line":136,"column":29}},"3":{"start":{"line":137,"column":8},"end":{"line":137,"column":35}},"4":{"start":{"line":138,"column":8},"end":{"line":138,"column":19}},"5":{"start":{"line":139,"column":8},"end":{"line":139,"column":24}},"6":{"start":{"line":140,"column":8},"end":{"line":140,"column":70}},"7":{"start":{"line":141,"column":8},"end":{"line":141,"column":59}},"8":{"start":{"line":142,"column":8},"end":{"line":142,"column":31}},"9":{"start":{"line":143,"column":8},"end":{"line":143,"column":32}},"10":{"start":{"line":162,"column":8},"end":{"line":162,"column":55}},"11":{"start":{"line":163,"column":8},"end":{"line":163,"column":69}},"12":{"start":{"line":164,"column":8},"end":{"line":164,"column":18}},"13":{"start":{"line":165,"column":8},"end":{"line":165,"column":75}},"14":{"start":{"line":181,"column":8},"end":{"line":181,"column":44}},"15":{"start":{"line":182,"column":8},"end":{"line":182,"column":75}},"16":{"start":{"line":183,"column":8},"end":{"line":183,"column":69}},"17":{"start":{"line":184,"column":8},"end":{"line":184,"column":5403}},"18":{"start":{"line":192,"column":8},"end":{"line":192,"column":5833}},"19":{"start":{"line":193,"column":12},"end":{"line":193,"column":68}},"20":{"start":{"line":194,"column":12},"end":{"line":194,"column":32}},"21":{"start":{"line":195,"column":12},"end":{"line":195,"column":6029}},"22":{"start":{"line":211,"column":8},"end":{"line":211,"column":44}},"23":{"start":{"line":212,"column":8},"end":{"line":212,"column":69}},"24":{"start":{"line":213,"column":8},"end":{"line":213,"column":19}},"25":{"start":{"line":214,"column":8},"end":{"line":214,"column":75}},"26":{"start":{"line":224,"column":8},"end":{"line":224,"column":73}},"27":{"start":{"line":225,"column":8},"end":{"line":225,"column":7079}},"28":{"start":{"line":230,"column":8},"end":{"line":230,"column":31}},"29":{"start":{"line":231,"column":8},"end":{"line":231,"column":23}},"30":{"start":{"line":232,"column":8},"end":{"line":232,"column":42}},"31":{"start":{"line":233,"column":8},"end":{"line":233,"column":7364}},"32":{"start":{"line":252,"column":8},"end":{"line":252,"column":20}},"33":{"start":{"line":260,"column":8},"end":{"line":260,"column":26}},"34":{"start":{"line":268,"column":8},"end":{"line":268,"column":66}},"35":{"start":{"line":276,"column":8},"end":{"line":276,"column":54}},"36":{"start":{"line":288,"column":8},"end":{"line":288,"column":42}},"37":{"start":{"line":298,"column":8},"end":{"line":298,"column":51}},"38":{"start":{"line":299,"column":8},"end":{"line":299,"column":42}},"39":{"start":{"line":300,"column":8},"end":{"line":300,"column":33}},"40":{"start":{"line":301,"column":8},"end":{"line":301,"column":10075}},"41":{"start":{"line":302,"column":12},"end":{"line":302,"column":10136}},"42":{"start":{"line":306,"column":16},"end":{"line":306,"column":40}},"43":{"start":{"line":307,"column":16},"end":{"line":307,"column":55}},"44":{"start":{"line":310,"column":16},"end":{"line":310,"column":37}},"45":{"start":{"line":313,"column":8},"end":{"line":313,"column":45}},"46":{"start":{"line":314,"column":8},"end":{"line":314,"column":24}},"47":{"start":{"line":318,"column":8},"end":{"line":318,"column":10789}},"48":{"start":{"line":319,"column":12},"end":{"line":319,"column":33}},"49":{"start":{"line":323,"column":12},"end":{"line":323,"column":44}},"50":{"start":{"line":325,"column":8},"end":{"line":325,"column":11009}},"51":{"start":{"line":329,"column":12},"end":{"line":329,"column":11294}},"52":{"start":{"line":332,"column":16},"end":{"line":332,"column":79}},"53":{"start":{"line":333,"column":16},"end":{"line":333,"column":43}},"54":{"start":{"line":334,"column":16},"end":{"line":334,"column":71}},"55":{"start":{"line":337,"column":8},"end":{"line":337,"column":28}}},"branchMap":{"1":{"line":162,"type":"if","locations":[{"start":{"line":162,"column":8},"end":{"line":162,"column":8}},{"start":{"line":162,"column":8},"end":{"line":162,"column":8}}]},"2":{"line":163,"type":"if","locations":[{"start":{"line":163,"column":8},"end":{"line":163,"column":8}},{"start":{"line":163,"column":8},"end":{"line":163,"column":8}}]},"3":{"line":181,"type":"if","locations":[{"start":{"line":181,"column":8},"end":{"line":181,"column":8}},{"start":{"line":181,"column":8},"end":{"line":181,"column":8}}]},"4":{"line":182,"type":"if","locations":[{"start":{"line":182,"column":8},"end":{"line":182,"column":8}},{"start":{"line":182,"column":8},"end":{"line":182,"column":8}}]},"5":{"line":183,"type":"if","locations":[{"start":{"line":183,"column":8},"end":{"line":183,"column":8}},{"start":{"line":183,"column":8},"end":{"line":183,"column":8}}]},"6":{"line":184,"type":"if","locations":[{"start":{"line":184,"column":8},"end":{"line":184,"column":8}},{"start":{"line":184,"column":8},"end":{"line":184,"column":8}}]},"7":{"line":192,"type":"if","locations":[{"start":{"line":192,"column":8},"end":{"line":192,"column":8}},{"start":{"line":192,"column":8},"end":{"line":192,"column":8}}]},"8":{"line":211,"type":"if","locations":[{"start":{"line":211,"column":8},"end":{"line":211,"column":8}},{"start":{"line":211,"column":8},"end":{"line":211,"column":8}}]},"9":{"line":212,"type":"if","locations":[{"start":{"line":212,"column":8},"end":{"line":212,"column":8}},{"start":{"line":212,"column":8},"end":{"line":212,"column":8}}]},"10":{"line":224,"type":"if","locations":[{"start":{"line":224,"column":8},"end":{"line":224,"column":8}},{"start":{"line":224,"column":8},"end":{"line":224,"column":8}}]},"11":{"line":225,"type":"if","locations":[{"start":{"line":225,"column":8},"end":{"line":225,"column":8}},{"start":{"line":225,"column":8},"end":{"line":225,"column":8}}]},"12":{"line":298,"type":"if","locations":[{"start":{"line":298,"column":8},"end":{"line":298,"column":8}},{"start":{"line":298,"column":8},"end":{"line":298,"column":8}}]},"13":{"line":302,"type":"if","locations":[{"start":{"line":302,"column":12},"end":{"line":302,"column":12}},{"start":{"line":302,"column":12},"end":{"line":302,"column":12}}]},"14":{"line":318,"type":"if","locations":[{"start":{"line":318,"column":8},"end":{"line":318,"column":8}},{"start":{"line":318,"column":8},"end":{"line":318,"column":8}}]},"15":{"line":329,"type":"if","locations":[{"start":{"line":329,"column":12},"end":{"line":329,"column":12}},{"start":{"line":329,"column":12},"end":{"line":329,"column":12}}]}}},"contracts/GameFactory.sol":{"l":{"77":0,"78":0,"105":0,"114":0,"115":0,"129":0,"138":0,"139":0,"140":0,"156":0,"157":0,"158":0,"159":0,"160":0,"170":0,"182":0},"path":"/home/fabianorodrigo/Projetos/solidity/dAppSoccerBet/backend-truffle/contracts/GameFactory.sol","s":{"1":0,"2":0,"3":0,"4":0,"5":0,"6":0,"7":0,"8":0,"9":0,"10":0,"11":0,"12":0,"13":0,"14":0,"15":0,"16":0},"b":{},"f":{"1":0,"2":0,"3":0,"4":0,"5":0,"6":0},"fnMap":{"1":{"name":"constructor","line":76,"loc":{"start":{"line":73,"column":4},"end":{"line":79,"column":4}}},"2":{"name":"newGame","line":103,"loc":{"start":{"line":99,"column":4},"end":{"line":121,"column":4}}},"3":{"name":"getCommission","line":128,"loc":{"start":{"line":128,"column":4},"end":{"line":130,"column":4}}},"4":{"name":"setCommission","line":137,"loc":{"start":{"line":137,"column":4},"end":{"line":141,"column":4}}},"5":{"name":"listGames","line":155,"loc":{"start":{"line":155,"column":4},"end":{"line":171,"column":4}}},"6":{"name":"destroyContract","line":181,"loc":{"start":{"line":181,"column":4},"end":{"line":183,"column":4}}}},"statementMap":{"1":{"start":{"line":77,"column":8},"end":{"line":77,"column":57}},"2":{"start":{"line":78,"column":8},"end":{"line":78,"column":61}},"3":{"start":{"line":105,"column":8},"end":{"line":105,"column":2754}},"4":{"start":{"line":114,"column":8},"end":{"line":114,"column":21}},"5":{"start":{"line":115,"column":8},"end":{"line":115,"column":3079}},"6":{"start":{"line":129,"column":8},"end":{"line":129,"column":25}},"7":{"start":{"line":138,"column":8},"end":{"line":138,"column":32}},"8":{"start":{"line":139,"column":8},"end":{"line":139,"column":31}},"9":{"start":{"line":140,"column":8},"end":{"line":140,"column":47}},"10":{"start":{"line":156,"column":8},"end":{"line":156,"column":62}},"11":{"start":{"line":157,"column":8},"end":{"line":157,"column":4798}},"12":{"start":{"line":158,"column":12},"end":{"line":158,"column":30}},"13":{"start":{"line":159,"column":12},"end":{"line":159,"column":56}},"14":{"start":{"line":160,"column":12},"end":{"line":160,"column":4950}},"15":{"start":{"line":170,"column":8},"end":{"line":170,"column":21}},"16":{"start":{"line":182,"column":8},"end":{"line":182,"column":42}}},"branchMap":{}},"contracts/libs/StringUtils.sol":{"l":{"14":0,"26":0,"33":0,"34":0,"35":0,"36":0,"37":0,"38":0,"39":0,"41":0,"45":0},"path":"/home/fabianorodrigo/Projetos/solidity/dAppSoccerBet/backend-truffle/contracts/libs/StringUtils.sol","s":{"1":0,"2":0,"3":0,"4":0,"5":0,"6":0,"7":0,"8":0,"9":0,"10":0,"11":0,"12":0,"13":0},"b":{"1":[0,0]},"f":{"1":0,"2":0,"3":0,"4":0},"fnMap":{"1":{"name":"concat","line":9,"loc":{"start":{"line":9,"column":4},"end":{"line":15,"column":4}}},"2":{"name":"concatSpaced","line":21,"loc":{"start":{"line":21,"column":4},"end":{"line":27,"column":4}}},"3":{"name":"toASCIIString","line":32,"loc":{"start":{"line":32,"column":4},"end":{"line":42,"column":4}}},"4":{"name":"char","line":44,"loc":{"start":{"line":44,"column":4},"end":{"line":47,"column":4}}}},"statementMap":{"1":{"start":{"line":14,"column":8},"end":{"line":14,"column":45}},"2":{"start":{"line":26,"column":8},"end":{"line":26,"column":50}},"3":{"start":{"line":33,"column":8},"end":{"line":33,"column":38}},"4":{"start":{"line":34,"column":8},"end":{"line":34,"column":905}},"5":{"start":{"line":35,"column":12},"end":{"line":35,"column":79}},"6":{"start":{"line":36,"column":12},"end":{"line":36,"column":45}},"7":{"start":{"line":37,"column":12},"end":{"line":37,"column":57}},"8":{"start":{"line":38,"column":12},"end":{"line":38,"column":30}},"9":{"start":{"line":39,"column":12},"end":{"line":39,"column":34}},"10":{"start":{"line":41,"column":8},"end":{"line":41,"column":24}},"11":{"start":{"line":45,"column":8},"end":{"line":45,"column":1345}},"12":{"start":{"line":45,"column":27},"end":{"line":45,"column":57}},"13":{"start":{"line":46,"column":13},"end":{"line":46,"column":43}}},"branchMap":{"1":{"line":45,"type":"if","locations":[{"start":{"line":45,"column":8},"end":{"line":45,"column":8}},{"start":{"line":45,"column":8},"end":{"line":45,"column":8}}]}}},"contracts/libs/Utils.sol":{"l":{"11":0,"12":0,"15":0},"path":"/home/fabianorodrigo/Projetos/solidity/dAppSoccerBet/backend-truffle/contracts/libs/Utils.sol","s":{"1":0,"2":0},"b":{},"f":{"1":0},"fnMap":{"1":{"name":"isAliveContract","line":10,"loc":{"start":{"line":10,"column":4},"end":{"line":16,"column":4}}}},"statementMap":{"1":{"start":{"line":11,"column":8},"end":{"line":11,"column":20}},"2":{"start":{"line":15,"column":8},"end":{"line":15,"column":23}}},"branchMap":{}},"contracts/structs/Bet.sol":{"l":{},"path":"/home/fabianorodrigo/Projetos/solidity/dAppSoccerBet/backend-truffle/contracts/structs/Bet.sol","s":{},"b":{},"f":{},"fnMap":{},"statementMap":{},"branchMap":{}},"contracts/structs/GameDTO.sol":{"l":{},"path":"/home/fabianorodrigo/Projetos/solidity/dAppSoccerBet/backend-truffle/contracts/structs/GameDTO.sol","s":{},"b":{},"f":{},"fnMap":{},"statementMap":{},"branchMap":{}},"contracts/structs/Score.sol":{"l":{},"path":"/home/fabianorodrigo/Projetos/solidity/dAppSoccerBet/backend-truffle/contracts/structs/Score.sol","s":{},"b":{},"f":{},"fnMap":{},"statementMap":{},"branchMap":{}},"contracts/TestingAuxiliar.sol":{"l":{"18":0,"30":0},"path":"/home/fabianorodrigo/Projetos/solidity/dAppSoccerBet/backend-truffle/contracts/TestingAuxiliar.sol","s":{"1":0,"2":0},"b":{},"f":{"1":0,"2":0},"fnMap":{"1":{"name":"constructor","line":17,"loc":{"start":{"line":17,"column":4},"end":{"line":19,"column":4}}},"2":{"name":"destroyContract","line":29,"loc":{"start":{"line":29,"column":4},"end":{"line":31,"column":4}}}},"statementMap":{"1":{"start":{"line":18,"column":8},"end":{"line":18,"column":62}},"2":{"start":{"line":30,"column":8},"end":{"line":30,"column":42}}},"branchMap":{}}}