{
"contracts/BetToken.sol":{"l":{"56":129,"57":129,"58":129,"67":849,"68":849,"76":2,"84":1,"85":1,"106":39,"107":39},"path":"/home/fabianorodrigo/Projetos/solidity/dAppSoccerBet/backend-hardhat/contracts/BetToken.sol","s":{"1":129,"2":129,"3":129,"4":2,"5":1,"6":1,"7":39,"8":39},"b":{"1":[1,0],"2":[39,0]},"f":{"1":129,"2":2,"3":39,"4":0},"fnMap":{"1":{"name":"initialize","line":55,"loc":{"start":{"line":55,"column":4},"end":{"line":59,"column":4}}},"2":{"name":"exchange4Ether","line":74,"loc":{"start":{"line":74,"column":4},"end":{"line":86,"column":4}}},"3":{"name":"destroyContract","line":98,"loc":{"start":{"line":98,"column":4},"end":{"line":108,"column":4}}},"4":{"name":"_authorizeUpgrade","line":113,"loc":{"start":{"line":110,"column":4},"end":{"line":114,"column":5}}}},"statementMap":{"1":{"start":{"line":56,"column":8},"end":{"line":56,"column":46}},"2":{"start":{"line":57,"column":8},"end":{"line":57,"column":23}},"3":{"start":{"line":58,"column":8},"end":{"line":58,"column":31}},"4":{"start":{"line":76,"column":8},"end":{"line":76,"column":33}},"5":{"start":{"line":84,"column":8},"end":{"line":84,"column":59}},"6":{"start":{"line":85,"column":8},"end":{"line":85,"column":28}},"7":{"start":{"line":106,"column":8},"end":{"line":106,"column":70}},"8":{"start":{"line":107,"column":8},"end":{"line":107,"column":28}}},"branchMap":{"1":{"line":85,"type":"if","locations":[{"start":{"line":85,"column":8},"end":{"line":85,"column":8}},{"start":{"line":85,"column":8},"end":{"line":85,"column":8}}]},"2":{"line":107,"type":"if","locations":[{"start":{"line":107,"column":8},"end":{"line":107,"column":8}},{"start":{"line":107,"column":8},"end":{"line":107,"column":8}}]}}},
"contracts/Calculator.sol":{"l":{"32":15,"48":19},"path":"/home/fabianorodrigo/Projetos/solidity/dAppSoccerBet/backend-hardhat/contracts/Calculator.sol","s":{"1":15,"2":19},"b":{},"f":{"1":15,"2":19,"3":0},"fnMap":{"1":{"name":"initialize","line":31,"loc":{"start":{"line":31,"column":4},"end":{"line":33,"column":4}}},"2":{"name":"calcPercentage","line":43,"loc":{"start":{"line":43,"column":4},"end":{"line":49,"column":4}}},"3":{"name":"_authorizeUpgrade","line":57,"loc":{"start":{"line":54,"column":4},"end":{"line":58,"column":5}}}},"statementMap":{"1":{"start":{"line":32,"column":8},"end":{"line":32,"column":23}},"2":{"start":{"line":48,"column":8},"end":{"line":48,"column":50}}},"branchMap":{}},
"contracts/Game.sol":{"l":{"140":105,"141":105,"142":105,"143":105,"144":105,"145":105,"148":105,"149":105,"150":105,"169":24,"170":23,"171":23,"172":23,"188":68,"189":67,"190":66,"191":66,"199":65,"200":64,"201":64,"202":64,"218":11,"219":10,"220":10,"221":10,"231":13,"232":12,"237":11,"238":11,"239":11,"240":11,"256":14,"257":13,"262":10,"266":9,"267":9,"273":9,"285":37,"297":4,"305":1,"313":13,"321":12,"331":11,"332":11,"333":11,"334":11,"335":45,"339":9,"340":9,"341":9,"343":36,"346":11,"347":11,"351":11,"352":4,"356":7,"358":11,"362":45,"365":19,"366":19,"368":19,"369":10,"373":11},"path":"/home/fabianorodrigo/Projetos/solidity/dAppSoccerBet/backend-hardhat/contracts/Game.sol","s":{"1":105,"2":105,"3":105,"4":105,"5":105,"6":105,"7":105,"8":105,"9":105,"10":24,"11":23,"12":23,"13":23,"14":68,"15":67,"16":66,"17":66,"18":65,"19":64,"20":64,"21":64,"22":11,"23":10,"24":10,"25":10,"26":13,"27":12,"28":11,"29":11,"30":11,"31":11,"32":14,"33":13,"34":10,"35":9,"36":9,"37":9,"38":37,"39":4,"40":1,"41":13,"42":12,"43":11,"44":11,"45":11,"46":11,"47":45,"48":9,"49":9,"50":36,"51":11,"52":11,"53":11,"54":4,"55":7,"56":11,"57":45,"58":19,"59":19,"60":19,"61":10,"62":11},"b":{"1":[23,1],"2":[23,0],"3":[67,1],"4":[66,1],"5":[66,0],"6":[65,1],"7":[64,0],"8":[10,1],"9":[10,0],"10":[12,1],"11":[11,1],"12":[13,1],"13":[10,3],"14":[9,1],"15":[9,0],"16":[11,0],"17":[9,36],"18":[4,7],"19":[19,26],"20":[10,9]},"f":{"1":105,"2":24,"3":68,"4":11,"5":13,"6":14,"7":37,"8":4,"9":1,"10":13,"11":12,"12":11},"fnMap":{"1":{"name":"constructor","line":139,"loc":{"start":{"line":131,"column":4},"end":{"line":151,"column":4}}},"2":{"name":"openForBetting","line":168,"loc":{"start":{"line":168,"column":4},"end":{"line":173,"column":4}}},"3":{"name":"bet","line":187,"loc":{"start":{"line":187,"column":4},"end":{"line":211,"column":4}}},"4":{"name":"closeForBetting","line":217,"loc":{"start":{"line":217,"column":4},"end":{"line":222,"column":4}}},"5":{"name":"finalizeGame","line":230,"loc":{"start":{"line":230,"column":4},"end":{"line":248,"column":4}}},"6":{"name":"withdrawPrize","line":255,"loc":{"start":{"line":255,"column":4},"end":{"line":274,"column":4}}},"7":{"name":"destroyContract","line":284,"loc":{"start":{"line":284,"column":4},"end":{"line":286,"column":4}}},"8":{"name":"listBets","line":296,"loc":{"start":{"line":296,"column":4},"end":{"line":298,"column":4}}},"9":{"name":"getTotalStake","line":304,"loc":{"start":{"line":304,"column":4},"end":{"line":306,"column":4}}},"10":{"name":"getCommissionValue","line":312,"loc":{"start":{"line":312,"column":4},"end":{"line":314,"column":4}}},"11":{"name":"getPrize","line":320,"loc":{"start":{"line":320,"column":4},"end":{"line":322,"column":4}}},"12":{"name":"calcPrizes","line":330,"loc":{"start":{"line":330,"column":4},"end":{"line":374,"column":4}}}},"statementMap":{"1":{"start":{"line":140,"column":8},"end":{"line":140,"column":23}},"2":{"start":{"line":141,"column":8},"end":{"line":141,"column":29}},"3":{"start":{"line":142,"column":8},"end":{"line":142,"column":35}},"4":{"start":{"line":143,"column":8},"end":{"line":143,"column":19}},"5":{"start":{"line":144,"column":8},"end":{"line":144,"column":24}},"6":{"start":{"line":145,"column":8},"end":{"line":145,"column":4007}},"7":{"start":{"line":148,"column":8},"end":{"line":148,"column":70}},"8":{"start":{"line":149,"column":8},"end":{"line":149,"column":31}},"9":{"start":{"line":150,"column":8},"end":{"line":150,"column":32}},"10":{"start":{"line":169,"column":8},"end":{"line":169,"column":55}},"11":{"start":{"line":170,"column":8},"end":{"line":170,"column":69}},"12":{"start":{"line":171,"column":8},"end":{"line":171,"column":18}},"13":{"start":{"line":172,"column":8},"end":{"line":172,"column":75}},"14":{"start":{"line":188,"column":8},"end":{"line":188,"column":44}},"15":{"start":{"line":189,"column":8},"end":{"line":189,"column":75}},"16":{"start":{"line":190,"column":8},"end":{"line":190,"column":69}},"17":{"start":{"line":191,"column":8},"end":{"line":191,"column":5661}},"18":{"start":{"line":199,"column":8},"end":{"line":199,"column":6091}},"19":{"start":{"line":200,"column":12},"end":{"line":200,"column":68}},"20":{"start":{"line":201,"column":12},"end":{"line":201,"column":32}},"21":{"start":{"line":202,"column":12},"end":{"line":202,"column":6287}},"22":{"start":{"line":218,"column":8},"end":{"line":218,"column":44}},"23":{"start":{"line":219,"column":8},"end":{"line":219,"column":69}},"24":{"start":{"line":220,"column":8},"end":{"line":220,"column":19}},"25":{"start":{"line":221,"column":8},"end":{"line":221,"column":75}},"26":{"start":{"line":231,"column":8},"end":{"line":231,"column":73}},"27":{"start":{"line":232,"column":8},"end":{"line":232,"column":7337}},"28":{"start":{"line":237,"column":8},"end":{"line":237,"column":31}},"29":{"start":{"line":238,"column":8},"end":{"line":238,"column":23}},"30":{"start":{"line":239,"column":8},"end":{"line":239,"column":43}},"31":{"start":{"line":240,"column":8},"end":{"line":240,"column":7623}},"32":{"start":{"line":256,"column":8},"end":{"line":256,"column":61}},"33":{"start":{"line":257,"column":8},"end":{"line":257,"column":8110}},"34":{"start":{"line":262,"column":8},"end":{"line":262,"column":8323}},"35":{"start":{"line":266,"column":8},"end":{"line":266,"column":37}},"36":{"start":{"line":267,"column":8},"end":{"line":267,"column":8509}},"37":{"start":{"line":273,"column":8},"end":{"line":273,"column":51}},"38":{"start":{"line":285,"column":8},"end":{"line":285,"column":42}},"39":{"start":{"line":297,"column":8},"end":{"line":297,"column":20}},"40":{"start":{"line":305,"column":8},"end":{"line":305,"column":26}},"41":{"start":{"line":313,"column":8},"end":{"line":313,"column":66}},"42":{"start":{"line":321,"column":8},"end":{"line":321,"column":54}},"43":{"start":{"line":331,"column":8},"end":{"line":331,"column":51}},"44":{"start":{"line":332,"column":8},"end":{"line":332,"column":42}},"45":{"start":{"line":333,"column":8},"end":{"line":333,"column":33}},"46":{"start":{"line":334,"column":8},"end":{"line":334,"column":11332}},"47":{"start":{"line":335,"column":12},"end":{"line":335,"column":11393}},"48":{"start":{"line":339,"column":16},"end":{"line":339,"column":39}},"49":{"start":{"line":340,"column":16},"end":{"line":340,"column":55}},"50":{"start":{"line":343,"column":16},"end":{"line":343,"column":38}},"51":{"start":{"line":346,"column":8},"end":{"line":346,"column":45}},"52":{"start":{"line":347,"column":8},"end":{"line":347,"column":24}},"53":{"start":{"line":351,"column":8},"end":{"line":351,"column":12046}},"54":{"start":{"line":352,"column":12},"end":{"line":352,"column":33}},"55":{"start":{"line":356,"column":12},"end":{"line":356,"column":44}},"56":{"start":{"line":358,"column":8},"end":{"line":358,"column":12266}},"57":{"start":{"line":362,"column":12},"end":{"line":362,"column":12551}},"58":{"start":{"line":365,"column":16},"end":{"line":365,"column":79}},"59":{"start":{"line":366,"column":16},"end":{"line":366,"column":43}},"60":{"start":{"line":368,"column":16},"end":{"line":368,"column":13043}},"61":{"start":{"line":369,"column":20},"end":{"line":369,"column":41}},"62":{"start":{"line":373,"column":8},"end":{"line":373,"column":28}}},"branchMap":{"1":{"line":169,"type":"if","locations":[{"start":{"line":169,"column":8},"end":{"line":169,"column":8}},{"start":{"line":169,"column":8},"end":{"line":169,"column":8}}]},"2":{"line":170,"type":"if","locations":[{"start":{"line":170,"column":8},"end":{"line":170,"column":8}},{"start":{"line":170,"column":8},"end":{"line":170,"column":8}}]},"3":{"line":188,"type":"if","locations":[{"start":{"line":188,"column":8},"end":{"line":188,"column":8}},{"start":{"line":188,"column":8},"end":{"line":188,"column":8}}]},"4":{"line":189,"type":"if","locations":[{"start":{"line":189,"column":8},"end":{"line":189,"column":8}},{"start":{"line":189,"column":8},"end":{"line":189,"column":8}}]},"5":{"line":190,"type":"if","locations":[{"start":{"line":190,"column":8},"end":{"line":190,"column":8}},{"start":{"line":190,"column":8},"end":{"line":190,"column":8}}]},"6":{"line":191,"type":"if","locations":[{"start":{"line":191,"column":8},"end":{"line":191,"column":8}},{"start":{"line":191,"column":8},"end":{"line":191,"column":8}}]},"7":{"line":199,"type":"if","locations":[{"start":{"line":199,"column":8},"end":{"line":199,"column":8}},{"start":{"line":199,"column":8},"end":{"line":199,"column":8}}]},"8":{"line":218,"type":"if","locations":[{"start":{"line":218,"column":8},"end":{"line":218,"column":8}},{"start":{"line":218,"column":8},"end":{"line":218,"column":8}}]},"9":{"line":219,"type":"if","locations":[{"start":{"line":219,"column":8},"end":{"line":219,"column":8}},{"start":{"line":219,"column":8},"end":{"line":219,"column":8}}]},"10":{"line":231,"type":"if","locations":[{"start":{"line":231,"column":8},"end":{"line":231,"column":8}},{"start":{"line":231,"column":8},"end":{"line":231,"column":8}}]},"11":{"line":232,"type":"if","locations":[{"start":{"line":232,"column":8},"end":{"line":232,"column":8}},{"start":{"line":232,"column":8},"end":{"line":232,"column":8}}]},"12":{"line":256,"type":"if","locations":[{"start":{"line":256,"column":8},"end":{"line":256,"column":8}},{"start":{"line":256,"column":8},"end":{"line":256,"column":8}}]},"13":{"line":257,"type":"if","locations":[{"start":{"line":257,"column":8},"end":{"line":257,"column":8}},{"start":{"line":257,"column":8},"end":{"line":257,"column":8}}]},"14":{"line":262,"type":"if","locations":[{"start":{"line":262,"column":8},"end":{"line":262,"column":8}},{"start":{"line":262,"column":8},"end":{"line":262,"column":8}}]},"15":{"line":273,"type":"if","locations":[{"start":{"line":273,"column":8},"end":{"line":273,"column":8}},{"start":{"line":273,"column":8},"end":{"line":273,"column":8}}]},"16":{"line":331,"type":"if","locations":[{"start":{"line":331,"column":8},"end":{"line":331,"column":8}},{"start":{"line":331,"column":8},"end":{"line":331,"column":8}}]},"17":{"line":335,"type":"if","locations":[{"start":{"line":335,"column":12},"end":{"line":335,"column":12}},{"start":{"line":335,"column":12},"end":{"line":335,"column":12}}]},"18":{"line":351,"type":"if","locations":[{"start":{"line":351,"column":8},"end":{"line":351,"column":8}},{"start":{"line":351,"column":8},"end":{"line":351,"column":8}}]},"19":{"line":362,"type":"if","locations":[{"start":{"line":362,"column":12},"end":{"line":362,"column":12}},{"start":{"line":362,"column":12},"end":{"line":362,"column":12}}]},"20":{"line":368,"type":"if","locations":[{"start":{"line":368,"column":16},"end":{"line":368,"column":16}},{"start":{"line":368,"column":16},"end":{"line":368,"column":16}}]}}},
"contracts/GameFactory.sol":{"l":{"77":114,"78":114,"79":114,"80":114,"107":3,"116":3,"117":3,"131":2,"140":1,"141":1,"142":1,"158":5,"159":5,"160":4,"161":4,"162":4,"172":5},"path":"/home/fabianorodrigo/Projetos/solidity/dAppSoccerBet/backend-hardhat/contracts/GameFactory.sol","s":{"1":114,"2":114,"3":114,"4":114,"5":3,"6":3,"7":3,"8":2,"9":1,"10":1,"11":1,"12":5,"13":5,"14":4,"15":4,"16":4,"17":5},"b":{},"f":{"1":114,"2":3,"3":2,"4":1,"5":5},"fnMap":{"1":{"name":"initialize","line":76,"loc":{"start":{"line":73,"column":4},"end":{"line":81,"column":4}}},"2":{"name":"newGame","line":105,"loc":{"start":{"line":101,"column":4},"end":{"line":123,"column":4}}},"3":{"name":"getCommission","line":130,"loc":{"start":{"line":130,"column":4},"end":{"line":132,"column":4}}},"4":{"name":"setCommission","line":139,"loc":{"start":{"line":139,"column":4},"end":{"line":143,"column":4}}},"5":{"name":"listGames","line":157,"loc":{"start":{"line":157,"column":4},"end":{"line":173,"column":4}}}},"statementMap":{"1":{"start":{"line":77,"column":8},"end":{"line":77,"column":23}},"2":{"start":{"line":78,"column":8},"end":{"line":78,"column":57}},"3":{"start":{"line":79,"column":8},"end":{"line":79,"column":61}},"4":{"start":{"line":80,"column":8},"end":{"line":80,"column":22}},"5":{"start":{"line":107,"column":8},"end":{"line":107,"column":2934}},"6":{"start":{"line":116,"column":8},"end":{"line":116,"column":21}},"7":{"start":{"line":117,"column":8},"end":{"line":117,"column":3259}},"8":{"start":{"line":131,"column":8},"end":{"line":131,"column":25}},"9":{"start":{"line":140,"column":8},"end":{"line":140,"column":32}},"10":{"start":{"line":141,"column":8},"end":{"line":141,"column":31}},"11":{"start":{"line":142,"column":8},"end":{"line":142,"column":47}},"12":{"start":{"line":158,"column":8},"end":{"line":158,"column":62}},"13":{"start":{"line":159,"column":8},"end":{"line":159,"column":4978}},"14":{"start":{"line":160,"column":12},"end":{"line":160,"column":30}},"15":{"start":{"line":161,"column":12},"end":{"line":161,"column":56}},"16":{"start":{"line":162,"column":12},"end":{"line":162,"column":5130}},"17":{"start":{"line":172,"column":8},"end":{"line":172,"column":21}}},"branchMap":{}},
"contracts/structs/Bet.sol":{"l":{},"path":"/home/fabianorodrigo/Projetos/solidity/dAppSoccerBet/backend-hardhat/contracts/structs/Bet.sol","s":{},"b":{},"f":{},"fnMap":{},"statementMap":{},"branchMap":{}},
"contracts/structs/GameDTO.sol":{"l":{},"path":"/home/fabianorodrigo/Projetos/solidity/dAppSoccerBet/backend-hardhat/contracts/structs/GameDTO.sol","s":{},"b":{},"f":{},"fnMap":{},"statementMap":{},"branchMap":{}},
"contracts/structs/Score.sol":{"l":{},"path":"/home/fabianorodrigo/Projetos/solidity/dAppSoccerBet/backend-hardhat/contracts/structs/Score.sol","s":{},"b":{},"f":{},"fnMap":{},"statementMap":{},"branchMap":{}},
"contracts/TestingAuxiliar.sol":{"l":{"20":3,"32":1},"path":"/home/fabianorodrigo/Projetos/solidity/dAppSoccerBet/backend-hardhat/contracts/TestingAuxiliar.sol","s":{"1":3,"2":1},"b":{},"f":{"1":3,"2":1},"fnMap":{"1":{"name":"constructor","line":19,"loc":{"start":{"line":19,"column":4},"end":{"line":21,"column":4}}},"2":{"name":"destroyContract","line":31,"loc":{"start":{"line":31,"column":4},"end":{"line":33,"column":4}}}},"statementMap":{"1":{"start":{"line":20,"column":8},"end":{"line":20,"column":62}},"2":{"start":{"line":32,"column":8},"end":{"line":32,"column":42}}},"branchMap":{}}}
