{
"contracts/Base.sol":{"l":{"7":15,"8":15},"path":"/home/fabianorodrigo/Projetos/solidity/dappsoccerbet/backend-hardhat/contracts/Base.sol","s":{"1":15},"b":{"1":[15,0]},"f":{"1":15},"fnMap":{"1":{"name":"nonZeroAddress","line":6,"loc":{"start":{"line":6,"column":4},"end":{"line":9,"column":4}}}},"statementMap":{"1":{"start":{"line":7,"column":8},"end":{"line":7,"column":65}}},"branchMap":{"1":{"line":7,"type":"if","locations":[{"start":{"line":7,"column":8},"end":{"line":7,"column":8}},{"start":{"line":7,"column":8},"end":{"line":7,"column":8}}]}}},
"contracts/BetToken.sol":{"l":{"57":9,"58":9,"59":9,"60":9,"69":1498,"70":1498,"78":2,"86":1,"87":1,"108":1,"109":1,"121":3,"132":0},"path":"/home/fabianorodrigo/Projetos/solidity/dappsoccerbet/backend-hardhat/contracts/BetToken.sol","s":{"1":9,"2":9,"3":9,"4":9,"5":2,"6":1,"7":1,"8":1,"9":1,"10":3,"11":0},"b":{"1":[1,0],"2":[1,0]},"f":{"1":9,"2":2,"3":1,"4":3,"5":0,"6":0},"fnMap":{"1":{"name":"initialize","line":56,"loc":{"start":{"line":56,"column":4},"end":{"line":61,"column":4}}},"2":{"name":"exchange4Ether","line":76,"loc":{"start":{"line":76,"column":4},"end":{"line":88,"column":4}}},"3":{"name":"destroyContract","line":100,"loc":{"start":{"line":100,"column":4},"end":{"line":110,"column":4}}},"4":{"name":"pause","line":120,"loc":{"start":{"line":120,"column":4},"end":{"line":122,"column":4}}},"5":{"name":"unpause","line":131,"loc":{"start":{"line":131,"column":4},"end":{"line":133,"column":4}}},"6":{"name":"_authorizeUpgrade","line":138,"loc":{"start":{"line":135,"column":4},"end":{"line":139,"column":5}}}},"statementMap":{"1":{"start":{"line":57,"column":8},"end":{"line":57,"column":46}},"2":{"start":{"line":58,"column":8},"end":{"line":58,"column":23}},"3":{"start":{"line":59,"column":8},"end":{"line":59,"column":31}},"4":{"start":{"line":60,"column":8},"end":{"line":60,"column":29}},"5":{"start":{"line":78,"column":8},"end":{"line":78,"column":33}},"6":{"start":{"line":86,"column":8},"end":{"line":86,"column":59}},"7":{"start":{"line":87,"column":8},"end":{"line":87,"column":28}},"8":{"start":{"line":108,"column":8},"end":{"line":108,"column":70}},"9":{"start":{"line":109,"column":8},"end":{"line":109,"column":28}},"10":{"start":{"line":121,"column":8},"end":{"line":121,"column":15}},"11":{"start":{"line":132,"column":8},"end":{"line":132,"column":17}}},"branchMap":{"1":{"line":87,"type":"if","locations":[{"start":{"line":87,"column":8},"end":{"line":87,"column":8}},{"start":{"line":87,"column":8},"end":{"line":87,"column":8}}]},"2":{"line":109,"type":"if","locations":[{"start":{"line":109,"column":8},"end":{"line":109,"column":8}},{"start":{"line":109,"column":8},"end":{"line":109,"column":8}}]}}},
"contracts/Calculator.sol":{"l":{"32":9,"48":20},"path":"/home/fabianorodrigo/Projetos/solidity/dappsoccerbet/backend-hardhat/contracts/Calculator.sol","s":{"1":9,"2":20},"b":{},"f":{"1":9,"2":20,"3":0},"fnMap":{"1":{"name":"initialize","line":31,"loc":{"start":{"line":31,"column":4},"end":{"line":33,"column":4}}},"2":{"name":"calcPercentage","line":43,"loc":{"start":{"line":43,"column":4},"end":{"line":49,"column":4}}},"3":{"name":"_authorizeUpgrade","line":57,"loc":{"start":{"line":54,"column":4},"end":{"line":58,"column":5}}}},"statementMap":{"1":{"start":{"line":32,"column":8},"end":{"line":32,"column":23}},"2":{"start":{"line":48,"column":8},"end":{"line":48,"column":50}}},"branchMap":{}},
"contracts/Game.sol":{"l":{"232":67,"233":2,"235":65,"240":145,"241":2,"243":143,"248":208,"249":1,"251":207,"289":6,"290":6,"291":6,"292":6,"293":6,"294":6,"297":6,"298":6,"299":6,"317":0,"318":0,"347":39,"348":39,"371":117,"372":1,"374":116,"375":116,"376":1,"381":115,"382":115,"384":115,"397":115,"400":0,"414":24,"415":1,"417":23,"418":23,"437":24,"438":1,"441":23,"442":23,"443":23,"461":20,"462":1,"464":19,"465":1,"470":18,"476":90,"480":18,"481":18,"482":18,"484":72,"490":18,"491":18,"492":18,"499":18,"511":14,"512":1,"514":13,"515":1,"520":12,"521":2,"523":10,"525":10,"539":14,"540":1,"543":13,"544":1,"547":12,"550":2,"555":10,"556":1,"558":9,"559":9,"565":0,"578":1,"590":7,"598":1,"606":13,"614":14,"626":7,"637":0,"655":26,"675":26,"693":10,"702":12,"704":12,"707":12,"712":10,"713":10,"714":10,"722":10,"736":2,"746":10,"748":10,"750":10,"753":2,"754":2,"755":2,"762":2},"path":"/home/fabianorodrigo/Projetos/solidity/dappsoccerbet/backend-hardhat/contracts/Game.sol","s":{"1":67,"2":145,"3":208,"4":6,"5":6,"6":6,"7":6,"8":6,"9":6,"10":6,"11":6,"12":6,"13":0,"14":0,"15":39,"16":39,"17":117,"18":116,"19":116,"20":115,"21":115,"22":115,"23":115,"24":24,"25":23,"26":23,"27":24,"28":23,"29":23,"30":23,"31":20,"32":19,"33":18,"34":90,"35":18,"36":18,"37":18,"38":72,"39":18,"40":18,"41":18,"42":18,"43":14,"44":13,"45":12,"46":2,"47":10,"48":10,"49":14,"50":13,"51":12,"52":10,"53":9,"54":9,"55":1,"56":7,"57":1,"58":13,"59":14,"60":7,"61":0,"62":26,"63":26,"64":10,"65":12,"66":12,"67":12,"68":10,"69":10,"70":10,"71":10,"72":2,"73":10,"74":10,"75":10,"76":2,"77":2,"78":2,"79":2},"b":{"1":[2,65],"2":[2,143],"3":[1,207],"4":[1,116],"5":[1,115],"6":[0,114],"7":[1,23],"8":[1,23],"9":[1,19],"10":[1,18],"11":[18,72],"12":[18,0],"13":[1,13],"14":[1,12],"15":[2,10],"16":[1,13],"17":[1,12],"18":[2,10],"19":[1,9],"20":[0,9],"21":[10,0],"22":[2,0]},"f":{"1":67,"2":145,"3":208,"4":6,"5":6,"6":0,"7":39,"8":117,"9":24,"10":24,"11":20,"12":14,"13":14,"14":1,"15":7,"16":1,"17":13,"18":14,"19":7,"20":0,"21":26,"22":26,"23":10,"24":2},"fnMap":{"1":{"name":"isClosed","line":231,"loc":{"start":{"line":231,"column":4},"end":{"line":236,"column":4}}},"2":{"name":"isOpen","line":239,"loc":{"start":{"line":239,"column":4},"end":{"line":244,"column":4}}},"3":{"name":"isNotFinalized","line":247,"loc":{"start":{"line":247,"column":4},"end":{"line":252,"column":4}}},"4":{"name":"constructor","line":267,"loc":{"start":{"line":267,"column":4},"end":{"line":267,"column":29}}},"5":{"name":"initialize","line":288,"loc":{"start":{"line":280,"column":4},"end":{"line":300,"column":4}}},"6":{"name":"getDTO","line":316,"loc":{"start":{"line":316,"column":4},"end":{"line":331,"column":4}}},"7":{"name":"openForBetting","line":345,"loc":{"start":{"line":340,"column":4},"end":{"line":349,"column":4}}},"8":{"name":"bet","line":369,"loc":{"start":{"line":364,"column":4},"end":{"line":404,"column":4}}},"9":{"name":"closeForBetting","line":413,"loc":{"start":{"line":413,"column":4},"end":{"line":419,"column":4}}},"10":{"name":"finalizeGame","line":435,"loc":{"start":{"line":430,"column":4},"end":{"line":450,"column":4}}},"11":{"name":"identifyWinners","line":460,"loc":{"start":{"line":460,"column":4},"end":{"line":500,"column":4}}},"12":{"name":"calcPrizes","line":510,"loc":{"start":{"line":510,"column":4},"end":{"line":527,"column":4}}},"13":{"name":"withdrawPrize","line":538,"loc":{"start":{"line":538,"column":4},"end":{"line":567,"column":4}}},"14":{"name":"destroyContract","line":577,"loc":{"start":{"line":577,"column":4},"end":{"line":579,"column":4}}},"15":{"name":"listBets","line":589,"loc":{"start":{"line":589,"column":4},"end":{"line":591,"column":4}}},"16":{"name":"getTotalStake","line":597,"loc":{"start":{"line":597,"column":4},"end":{"line":599,"column":4}}},"17":{"name":"getPrize","line":605,"loc":{"start":{"line":605,"column":4},"end":{"line":607,"column":4}}},"18":{"name":"getCommissionValue","line":613,"loc":{"start":{"line":613,"column":4},"end":{"line":615,"column":4}}},"19":{"name":"pause","line":625,"loc":{"start":{"line":625,"column":4},"end":{"line":627,"column":4}}},"20":{"name":"unpause","line":636,"loc":{"start":{"line":636,"column":4},"end":{"line":638,"column":4}}},"21":{"name":"canClose","line":645,"loc":{"start":{"line":645,"column":4},"end":{"line":658,"column":4}}},"22":{"name":"canFinalize","line":665,"loc":{"start":{"line":665,"column":4},"end":{"line":678,"column":4}}},"23":{"name":"_calcWinnerPrizes","line":689,"loc":{"start":{"line":689,"column":4},"end":{"line":723,"column":4}}},"24":{"name":"_calcTiedPrizes","line":733,"loc":{"start":{"line":733,"column":4},"end":{"line":763,"column":4}}}},"statementMap":{"1":{"start":{"line":232,"column":8},"end":{"line":232,"column":7297}},"2":{"start":{"line":240,"column":8},"end":{"line":240,"column":7504}},"3":{"start":{"line":248,"column":8},"end":{"line":248,"column":7727}},"4":{"start":{"line":289,"column":8},"end":{"line":289,"column":23}},"5":{"start":{"line":290,"column":8},"end":{"line":290,"column":29}},"6":{"start":{"line":291,"column":8},"end":{"line":291,"column":35}},"7":{"start":{"line":292,"column":8},"end":{"line":292,"column":19}},"8":{"start":{"line":293,"column":8},"end":{"line":293,"column":24}},"9":{"start":{"line":294,"column":8},"end":{"line":294,"column":9211}},"10":{"start":{"line":297,"column":8},"end":{"line":297,"column":70}},"11":{"start":{"line":298,"column":8},"end":{"line":298,"column":31}},"12":{"start":{"line":299,"column":8},"end":{"line":299,"column":34}},"13":{"start":{"line":317,"column":8},"end":{"line":317,"column":55}},"14":{"start":{"line":318,"column":8},"end":{"line":318,"column":9849}},"15":{"start":{"line":347,"column":8},"end":{"line":347,"column":18}},"16":{"start":{"line":348,"column":8},"end":{"line":348,"column":75}},"17":{"start":{"line":371,"column":8},"end":{"line":371,"column":11441}},"18":{"start":{"line":374,"column":8},"end":{"line":374,"column":77}},"19":{"start":{"line":375,"column":8},"end":{"line":375,"column":11599}},"20":{"start":{"line":381,"column":8},"end":{"line":381,"column":64}},"21":{"start":{"line":382,"column":8},"end":{"line":382,"column":28}},"22":{"start":{"line":384,"column":8},"end":{"line":384,"column":11868}},"23":{"start":{"line":397,"column":8},"end":{"line":397,"column":12342}},"24":{"start":{"line":414,"column":8},"end":{"line":414,"column":12845}},"25":{"start":{"line":417,"column":8},"end":{"line":417,"column":19}},"26":{"start":{"line":418,"column":8},"end":{"line":418,"column":75}},"27":{"start":{"line":437,"column":8},"end":{"line":437,"column":13532}},"28":{"start":{"line":441,"column":8},"end":{"line":441,"column":31}},"29":{"start":{"line":442,"column":8},"end":{"line":442,"column":23}},"30":{"start":{"line":443,"column":8},"end":{"line":443,"column":13745}},"31":{"start":{"line":461,"column":8},"end":{"line":461,"column":14295}},"32":{"start":{"line":464,"column":8},"end":{"line":464,"column":14370}},"33":{"start":{"line":470,"column":8},"end":{"line":470,"column":14627}},"34":{"start":{"line":476,"column":12},"end":{"line":476,"column":14813}},"35":{"start":{"line":480,"column":16},"end":{"line":480,"column":50}},"36":{"start":{"line":481,"column":16},"end":{"line":481,"column":65}},"37":{"start":{"line":482,"column":16},"end":{"line":482,"column":52}},"38":{"start":{"line":484,"column":16},"end":{"line":484,"column":49}},"39":{"start":{"line":490,"column":8},"end":{"line":490,"column":15379}},"40":{"start":{"line":491,"column":12},"end":{"line":491,"column":35}},"41":{"start":{"line":492,"column":12},"end":{"line":492,"column":15470}},"42":{"start":{"line":499,"column":8},"end":{"line":499,"column":32}},"43":{"start":{"line":511,"column":8},"end":{"line":511,"column":16116}},"44":{"start":{"line":514,"column":8},"end":{"line":514,"column":16197}},"45":{"start":{"line":520,"column":8},"end":{"line":520,"column":16420}},"46":{"start":{"line":521,"column":12},"end":{"line":521,"column":51}},"47":{"start":{"line":523,"column":12},"end":{"line":523,"column":61}},"48":{"start":{"line":525,"column":12},"end":{"line":525,"column":26}},"49":{"start":{"line":539,"column":8},"end":{"line":539,"column":17132}},"50":{"start":{"line":543,"column":8},"end":{"line":543,"column":17245}},"51":{"start":{"line":547,"column":8},"end":{"line":547,"column":17417}},"52":{"start":{"line":555,"column":8},"end":{"line":555,"column":17661}},"53":{"start":{"line":558,"column":8},"end":{"line":558,"column":37}},"54":{"start":{"line":559,"column":8},"end":{"line":559,"column":17842}},"55":{"start":{"line":578,"column":8},"end":{"line":578,"column":42}},"56":{"start":{"line":590,"column":8},"end":{"line":590,"column":20}},"57":{"start":{"line":598,"column":8},"end":{"line":598,"column":26}},"58":{"start":{"line":606,"column":8},"end":{"line":606,"column":54}},"59":{"start":{"line":614,"column":8},"end":{"line":614,"column":66}},"60":{"start":{"line":626,"column":8},"end":{"line":626,"column":15}},"61":{"start":{"line":637,"column":8},"end":{"line":637,"column":17}},"62":{"start":{"line":655,"column":8},"end":{"line":655,"column":21495}},"63":{"start":{"line":675,"column":8},"end":{"line":675,"column":22521}},"64":{"start":{"line":693,"column":8},"end":{"line":693,"column":23313}},"65":{"start":{"line":702,"column":12},"end":{"line":702,"column":56}},"66":{"start":{"line":704,"column":12},"end":{"line":704,"column":23843}},"67":{"start":{"line":707,"column":12},"end":{"line":707,"column":39}},"68":{"start":{"line":712,"column":8},"end":{"line":712,"column":24218}},"69":{"start":{"line":713,"column":12},"end":{"line":713,"column":34}},"70":{"start":{"line":714,"column":12},"end":{"line":714,"column":24321}},"71":{"start":{"line":722,"column":8},"end":{"line":722,"column":31}},"72":{"start":{"line":736,"column":8},"end":{"line":736,"column":25146}},"73":{"start":{"line":746,"column":12},"end":{"line":746,"column":25543}},"74":{"start":{"line":748,"column":12},"end":{"line":748,"column":50}},"75":{"start":{"line":750,"column":12},"end":{"line":750,"column":44}},"76":{"start":{"line":753,"column":8},"end":{"line":753,"column":25841}},"77":{"start":{"line":754,"column":12},"end":{"line":754,"column":34}},"78":{"start":{"line":755,"column":12},"end":{"line":755,"column":25931}},"79":{"start":{"line":762,"column":8},"end":{"line":762,"column":31}}},"branchMap":{"1":{"line":232,"type":"if","locations":[{"start":{"line":232,"column":8},"end":{"line":232,"column":8}},{"start":{"line":232,"column":8},"end":{"line":232,"column":8}}]},"2":{"line":240,"type":"if","locations":[{"start":{"line":240,"column":8},"end":{"line":240,"column":8}},{"start":{"line":240,"column":8},"end":{"line":240,"column":8}}]},"3":{"line":248,"type":"if","locations":[{"start":{"line":248,"column":8},"end":{"line":248,"column":8}},{"start":{"line":248,"column":8},"end":{"line":248,"column":8}}]},"4":{"line":371,"type":"if","locations":[{"start":{"line":371,"column":8},"end":{"line":371,"column":8}},{"start":{"line":371,"column":8},"end":{"line":371,"column":8}}]},"5":{"line":375,"type":"if","locations":[{"start":{"line":375,"column":8},"end":{"line":375,"column":8}},{"start":{"line":375,"column":8},"end":{"line":375,"column":8}}]},"6":{"line":397,"type":"if","locations":[{"start":{"line":397,"column":8},"end":{"line":397,"column":8}},{"start":{"line":397,"column":8},"end":{"line":397,"column":8}}]},"7":{"line":414,"type":"if","locations":[{"start":{"line":414,"column":8},"end":{"line":414,"column":8}},{"start":{"line":414,"column":8},"end":{"line":414,"column":8}}]},"8":{"line":437,"type":"if","locations":[{"start":{"line":437,"column":8},"end":{"line":437,"column":8}},{"start":{"line":437,"column":8},"end":{"line":437,"column":8}}]},"9":{"line":461,"type":"if","locations":[{"start":{"line":461,"column":8},"end":{"line":461,"column":8}},{"start":{"line":461,"column":8},"end":{"line":461,"column":8}}]},"10":{"line":464,"type":"if","locations":[{"start":{"line":464,"column":8},"end":{"line":464,"column":8}},{"start":{"line":464,"column":8},"end":{"line":464,"column":8}}]},"11":{"line":476,"type":"if","locations":[{"start":{"line":476,"column":12},"end":{"line":476,"column":12}},{"start":{"line":476,"column":12},"end":{"line":476,"column":12}}]},"12":{"line":490,"type":"if","locations":[{"start":{"line":490,"column":8},"end":{"line":490,"column":8}},{"start":{"line":490,"column":8},"end":{"line":490,"column":8}}]},"13":{"line":511,"type":"if","locations":[{"start":{"line":511,"column":8},"end":{"line":511,"column":8}},{"start":{"line":511,"column":8},"end":{"line":511,"column":8}}]},"14":{"line":514,"type":"if","locations":[{"start":{"line":514,"column":8},"end":{"line":514,"column":8}},{"start":{"line":514,"column":8},"end":{"line":514,"column":8}}]},"15":{"line":520,"type":"if","locations":[{"start":{"line":520,"column":8},"end":{"line":520,"column":8}},{"start":{"line":520,"column":8},"end":{"line":520,"column":8}}]},"16":{"line":539,"type":"if","locations":[{"start":{"line":539,"column":8},"end":{"line":539,"column":8}},{"start":{"line":539,"column":8},"end":{"line":539,"column":8}}]},"17":{"line":543,"type":"if","locations":[{"start":{"line":543,"column":8},"end":{"line":543,"column":8}},{"start":{"line":543,"column":8},"end":{"line":543,"column":8}}]},"18":{"line":547,"type":"if","locations":[{"start":{"line":547,"column":8},"end":{"line":547,"column":8}},{"start":{"line":547,"column":8},"end":{"line":547,"column":8}}]},"19":{"line":555,"type":"if","locations":[{"start":{"line":555,"column":8},"end":{"line":555,"column":8}},{"start":{"line":555,"column":8},"end":{"line":555,"column":8}}]},"20":{"line":559,"type":"if","locations":[{"start":{"line":559,"column":8},"end":{"line":559,"column":8}},{"start":{"line":559,"column":8},"end":{"line":559,"column":8}}]},"21":{"line":712,"type":"if","locations":[{"start":{"line":712,"column":8},"end":{"line":712,"column":8}},{"start":{"line":712,"column":8},"end":{"line":712,"column":8}}]},"22":{"line":753,"type":"if","locations":[{"start":{"line":753,"column":8},"end":{"line":753,"column":8}},{"start":{"line":753,"column":8},"end":{"line":753,"column":8}}]}}},
"contracts/GameFactory.sol":{"l":{"92":6,"93":6,"94":6,"95":6,"97":6,"104":5,"116":0,"117":0,"144":6,"146":6,"149":6,"161":6,"179":2,"188":1,"189":1,"190":1},"path":"/home/fabianorodrigo/Projetos/solidity/dappsoccerbet/backend-hardhat/contracts/GameFactory.sol","s":{"1":6,"2":6,"3":6,"4":6,"5":6,"6":5,"7":0,"8":0,"9":6,"10":6,"11":6,"12":6,"13":2,"14":1,"15":1,"16":1},"b":{"1":[0,0]},"f":{"1":6,"2":5,"3":0,"4":6,"5":2,"6":1},"fnMap":{"1":{"name":"initialize","line":91,"loc":{"start":{"line":88,"column":4},"end":{"line":98,"column":4}}},"2":{"name":"getGameImplementation","line":103,"loc":{"start":{"line":103,"column":4},"end":{"line":105,"column":4}}},"3":{"name":"setGameImplementation","line":113,"loc":{"start":{"line":110,"column":4},"end":{"line":118,"column":4}}},"4":{"name":"newGame","line":142,"loc":{"start":{"line":138,"column":4},"end":{"line":171,"column":4}}},"5":{"name":"getCommission","line":178,"loc":{"start":{"line":178,"column":4},"end":{"line":180,"column":4}}},"6":{"name":"setCommission","line":187,"loc":{"start":{"line":187,"column":4},"end":{"line":191,"column":4}}}},"statementMap":{"1":{"start":{"line":92,"column":8},"end":{"line":92,"column":23}},"2":{"start":{"line":93,"column":8},"end":{"line":93,"column":57}},"3":{"start":{"line":94,"column":8},"end":{"line":94,"column":61}},"4":{"start":{"line":95,"column":8},"end":{"line":95,"column":22}},"5":{"start":{"line":97,"column":8},"end":{"line":97,"column":47}},"6":{"start":{"line":104,"column":8},"end":{"line":104,"column":33}},"7":{"start":{"line":116,"column":8},"end":{"line":116,"column":62}},"8":{"start":{"line":117,"column":8},"end":{"line":117,"column":54}},"9":{"start":{"line":144,"column":8},"end":{"line":144,"column":56}},"10":{"start":{"line":146,"column":8},"end":{"line":146,"column":28}},"11":{"start":{"line":149,"column":8},"end":{"line":149,"column":4292}},"12":{"start":{"line":161,"column":8},"end":{"line":161,"column":4648}},"13":{"start":{"line":179,"column":8},"end":{"line":179,"column":25}},"14":{"start":{"line":188,"column":8},"end":{"line":188,"column":32}},"15":{"start":{"line":189,"column":8},"end":{"line":189,"column":31}},"16":{"start":{"line":190,"column":8},"end":{"line":190,"column":47}}},"branchMap":{"1":{"line":116,"type":"if","locations":[{"start":{"line":116,"column":8},"end":{"line":116,"column":8}},{"start":{"line":116,"column":8},"end":{"line":116,"column":8}}]}}},
"contracts/OnlyDelegateCall.sol":{"l":{"23":284,"24":5,"32":0,"35":0,"40":284,"45":279,"49":0,"50":0},"path":"/home/fabianorodrigo/Projetos/solidity/dappsoccerbet/backend-hardhat/contracts/OnlyDelegateCall.sol","s":{"1":284,"2":0,"3":0,"4":284,"5":0},"b":{"1":[5,279]},"f":{"1":284,"2":0,"3":284,"4":0},"fnMap":{"1":{"name":"checkDelegateCall","line":22,"loc":{"start":{"line":22,"column":4},"end":{"line":26,"column":4}}},"2":{"name":"_getImplementation","line":31,"loc":{"start":{"line":31,"column":4},"end":{"line":37,"column":4}}},"3":{"name":"onlyProxy","line":39,"loc":{"start":{"line":39,"column":4},"end":{"line":46,"column":4}}},"4":{"name":"onlyMinimalProxy","line":48,"loc":{"start":{"line":48,"column":4},"end":{"line":51,"column":4}}}},"statementMap":{"1":{"start":{"line":23,"column":8},"end":{"line":23,"column":837}},"2":{"start":{"line":32,"column":8},"end":{"line":32,"column":1071}},"3":{"start":{"line":35,"column":8},"end":{"line":35,"column":1250}},"4":{"start":{"line":40,"column":8},"end":{"line":40,"column":26}},"5":{"start":{"line":49,"column":8},"end":{"line":49,"column":26}}},"branchMap":{"1":{"line":23,"type":"if","locations":[{"start":{"line":23,"column":8},"end":{"line":23,"column":8}},{"start":{"line":23,"column":8},"end":{"line":23,"column":8}}]}}},
"contracts/structs/Bet.sol":{"l":{},"path":"/home/fabianorodrigo/Projetos/solidity/dappsoccerbet/backend-hardhat/contracts/structs/Bet.sol","s":{},"b":{},"f":{},"fnMap":{},"statementMap":{},"branchMap":{}},
"contracts/structs/GameDTO.sol":{"l":{},"path":"/home/fabianorodrigo/Projetos/solidity/dappsoccerbet/backend-hardhat/contracts/structs/GameDTO.sol","s":{},"b":{},"f":{},"fnMap":{},"statementMap":{},"branchMap":{}},
"contracts/structs/Score.sol":{"l":{},"path":"/home/fabianorodrigo/Projetos/solidity/dappsoccerbet/backend-hardhat/contracts/structs/Score.sol","s":{},"b":{},"f":{},"fnMap":{},"statementMap":{},"branchMap":{}},
"contracts/TestingAuxiliar.sol":{"l":{"22":3,"34":1},"path":"/home/fabianorodrigo/Projetos/solidity/dappsoccerbet/backend-hardhat/contracts/TestingAuxiliar.sol","s":{"1":3,"2":1},"b":{},"f":{"1":3,"2":1},"fnMap":{"1":{"name":"constructor","line":21,"loc":{"start":{"line":21,"column":4},"end":{"line":23,"column":4}}},"2":{"name":"destroyContract","line":33,"loc":{"start":{"line":33,"column":4},"end":{"line":35,"column":4}}}},"statementMap":{"1":{"start":{"line":22,"column":8},"end":{"line":22,"column":62}},"2":{"start":{"line":34,"column":8},"end":{"line":34,"column":42}}},"branchMap":{}}}
