TN:
SF:/home/fabianorodrigo/Projetos/solidity/dappsoccerbet/backend-hardhat/contracts/Base.sol
FN:6,nonZeroAddress
FNF:1
FNH:1
FNDA:15,nonZeroAddress
DA:7,15
DA:8,15
LF:2
LH:2
BRDA:7,1,0,15
BRDA:7,1,1,0
BRF:2
BRH:1
end_of_record
TN:
SF:/home/fabianorodrigo/Projetos/solidity/dappsoccerbet/backend-hardhat/contracts/BetToken.sol
FN:56,initialize
FN:76,exchange4Ether
FN:100,destroyContract
FN:120,pause
FN:131,unpause
FN:138,_authorizeUpgrade
FNF:6
FNH:4
FNDA:9,initialize
FNDA:2,exchange4Ether
FNDA:1,destroyContract
FNDA:3,pause
FNDA:0,unpause
FNDA:0,_authorizeUpgrade
DA:57,9
DA:58,9
DA:59,9
DA:60,9
DA:69,1498
DA:70,1498
DA:78,2
DA:86,1
DA:87,1
DA:108,1
DA:109,1
DA:121,3
DA:132,0
LF:13
LH:12
BRDA:87,1,0,1
BRDA:87,1,1,0
BRDA:109,2,0,1
BRDA:109,2,1,0
BRF:4
BRH:2
end_of_record
TN:
SF:/home/fabianorodrigo/Projetos/solidity/dappsoccerbet/backend-hardhat/contracts/Calculator.sol
FN:31,initialize
FN:43,calcPercentage
FN:57,_authorizeUpgrade
FNF:3
FNH:2
FNDA:9,initialize
FNDA:20,calcPercentage
FNDA:0,_authorizeUpgrade
DA:32,9
DA:48,20
LF:2
LH:2
BRF:0
BRH:0
end_of_record
TN:
SF:/home/fabianorodrigo/Projetos/solidity/dappsoccerbet/backend-hardhat/contracts/Game.sol
FN:231,isClosed
FN:239,isOpen
FN:247,isNotFinalized
FN:267,constructor
FN:288,initialize
FN:316,getDTO
FN:345,openForBetting
FN:369,bet
FN:413,closeForBetting
FN:435,finalizeGame
FN:460,identifyWinners
FN:510,calcPrizes
FN:538,withdrawPrize
FN:577,destroyContract
FN:589,listBets
FN:597,getTotalStake
FN:605,getPrize
FN:613,getCommissionValue
FN:625,pause
FN:636,unpause
FN:645,canClose
FN:665,canFinalize
FN:689,_calcWinnerPrizes
FN:733,_calcTiedPrizes
FNF:24
FNH:22
FNDA:67,isClosed
FNDA:145,isOpen
FNDA:208,isNotFinalized
FNDA:6,constructor
FNDA:6,initialize
FNDA:0,getDTO
FNDA:39,openForBetting
FNDA:117,bet
FNDA:24,closeForBetting
FNDA:24,finalizeGame
FNDA:20,identifyWinners
FNDA:14,calcPrizes
FNDA:14,withdrawPrize
FNDA:1,destroyContract
FNDA:7,listBets
FNDA:1,getTotalStake
FNDA:13,getPrize
FNDA:14,getCommissionValue
FNDA:7,pause
FNDA:0,unpause
FNDA:26,canClose
FNDA:26,canFinalize
FNDA:10,_calcWinnerPrizes
FNDA:2,_calcTiedPrizes
DA:232,67
DA:233,2
DA:235,65
DA:240,145
DA:241,2
DA:243,143
DA:248,208
DA:249,1
DA:251,207
DA:289,6
DA:290,6
DA:291,6
DA:292,6
DA:293,6
DA:294,6
DA:297,6
DA:298,6
DA:299,6
DA:317,0
DA:318,0
DA:347,39
DA:348,39
DA:371,117
DA:372,1
DA:374,116
DA:375,116
DA:376,1
DA:381,115
DA:382,115
DA:384,115
DA:397,115
DA:400,0
DA:414,24
DA:415,1
DA:417,23
DA:418,23
DA:437,24
DA:438,1
DA:441,23
DA:442,23
DA:443,23
DA:461,20
DA:462,1
DA:464,19
DA:465,1
DA:470,18
DA:476,90
DA:480,18
DA:481,18
DA:482,18
DA:484,72
DA:490,18
DA:491,18
DA:492,18
DA:499,18
DA:511,14
DA:512,1
DA:514,13
DA:515,1
DA:520,12
DA:521,2
DA:523,10
DA:525,10
DA:539,14
DA:540,1
DA:543,13
DA:544,1
DA:547,12
DA:550,2
DA:555,10
DA:556,1
DA:558,9
DA:559,9
DA:565,0
DA:578,1
DA:590,7
DA:598,1
DA:606,13
DA:614,14
DA:626,7
DA:637,0
DA:655,26
DA:675,26
DA:693,10
DA:702,12
DA:704,12
DA:707,12
DA:712,10
DA:713,10
DA:714,10
DA:722,10
DA:736,2
DA:746,10
DA:748,10
DA:750,10
DA:753,2
DA:754,2
DA:755,2
DA:762,2
LF:99
LH:94
BRDA:232,1,0,2
BRDA:232,1,1,65
BRDA:240,2,0,2
BRDA:240,2,1,143
BRDA:248,3,0,1
BRDA:248,3,1,207
BRDA:371,4,0,1
BRDA:371,4,1,116
BRDA:375,5,0,1
BRDA:375,5,1,115
BRDA:397,6,0,0
BRDA:397,6,1,114
BRDA:414,7,0,1
BRDA:414,7,1,23
BRDA:437,8,0,1
BRDA:437,8,1,23
BRDA:461,9,0,1
BRDA:461,9,1,19
BRDA:464,10,0,1
BRDA:464,10,1,18
BRDA:476,11,0,18
BRDA:476,11,1,72
BRDA:490,12,0,18
BRDA:490,12,1,0
BRDA:511,13,0,1
BRDA:511,13,1,13
BRDA:514,14,0,1
BRDA:514,14,1,12
BRDA:520,15,0,2
BRDA:520,15,1,10
BRDA:539,16,0,1
BRDA:539,16,1,13
BRDA:543,17,0,1
BRDA:543,17,1,12
BRDA:547,18,0,2
BRDA:547,18,1,10
BRDA:555,19,0,1
BRDA:555,19,1,9
BRDA:559,20,0,0
BRDA:559,20,1,9
BRDA:712,21,0,10
BRDA:712,21,1,0
BRDA:753,22,0,2
BRDA:753,22,1,0
BRF:44
BRH:39
end_of_record
TN:
SF:/home/fabianorodrigo/Projetos/solidity/dappsoccerbet/backend-hardhat/contracts/GameFactory.sol
FN:91,initialize
FN:103,getGameImplementation
FN:113,setGameImplementation
FN:142,newGame
FN:178,getCommission
FN:187,setCommission
FNF:6
FNH:5
FNDA:6,initialize
FNDA:5,getGameImplementation
FNDA:0,setGameImplementation
FNDA:6,newGame
FNDA:2,getCommission
FNDA:1,setCommission
DA:92,6
DA:93,6
DA:94,6
DA:95,6
DA:97,6
DA:104,5
DA:116,0
DA:117,0
DA:144,6
DA:146,6
DA:149,6
DA:161,6
DA:179,2
DA:188,1
DA:189,1
DA:190,1
LF:16
LH:14
BRDA:116,1,0,0
BRDA:116,1,1,0
BRF:2
BRH:0
end_of_record
TN:
SF:/home/fabianorodrigo/Projetos/solidity/dappsoccerbet/backend-hardhat/contracts/OnlyDelegateCall.sol
FN:22,checkDelegateCall
FN:31,_getImplementation
FN:39,onlyProxy
FN:48,onlyMinimalProxy
FNF:4
FNH:2
FNDA:284,checkDelegateCall
FNDA:0,_getImplementation
FNDA:284,onlyProxy
FNDA:0,onlyMinimalProxy
DA:23,284
DA:24,5
DA:32,0
DA:35,0
DA:40,284
DA:45,279
DA:49,0
DA:50,0
LF:8
LH:4
BRDA:23,1,0,5
BRDA:23,1,1,279
BRF:2
BRH:2
end_of_record
TN:
SF:/home/fabianorodrigo/Projetos/solidity/dappsoccerbet/backend-hardhat/contracts/structs/Bet.sol
FNF:0
FNH:0
LF:0
LH:0
BRF:0
BRH:0
end_of_record
TN:
SF:/home/fabianorodrigo/Projetos/solidity/dappsoccerbet/backend-hardhat/contracts/structs/GameDTO.sol
FNF:0
FNH:0
LF:0
LH:0
BRF:0
BRH:0
end_of_record
TN:
SF:/home/fabianorodrigo/Projetos/solidity/dappsoccerbet/backend-hardhat/contracts/structs/Score.sol
FNF:0
FNH:0
LF:0
LH:0
BRF:0
BRH:0
end_of_record
TN:
SF:/home/fabianorodrigo/Projetos/solidity/dappsoccerbet/backend-hardhat/contracts/TestingAuxiliar.sol
FN:21,constructor
FN:33,destroyContract
FNF:2
FNH:2
FNDA:3,constructor
FNDA:1,destroyContract
DA:22,3
DA:34,1
LF:2
LH:2
BRF:0
BRH:0
end_of_record
