TN:
SF:/home/fabianorodrigo/Projetos/solidity/dAppSoccerBet/backend-hardhat/contracts/BetToken.sol
FN:55,initialize
FN:74,exchange4Ether
FN:98,destroyContract
FN:113,_authorizeUpgrade
FNF:4
FNH:3
FNDA:129,initialize
FNDA:2,exchange4Ether
FNDA:39,destroyContract
FNDA:0,_authorizeUpgrade
DA:56,129
DA:57,129
DA:58,129
DA:67,849
DA:68,849
DA:76,2
DA:84,1
DA:85,1
DA:106,39
DA:107,39
LF:10
LH:10
BRDA:85,1,0,1
BRDA:85,1,1,0
BRDA:107,2,0,39
BRDA:107,2,1,0
BRF:4
BRH:2
end_of_record
TN:
SF:/home/fabianorodrigo/Projetos/solidity/dAppSoccerBet/backend-hardhat/contracts/Calculator.sol
FN:31,initialize
FN:43,calcPercentage
FN:57,_authorizeUpgrade
FNF:3
FNH:2
FNDA:15,initialize
FNDA:19,calcPercentage
FNDA:0,_authorizeUpgrade
DA:32,15
DA:48,19
LF:2
LH:2
BRF:0
BRH:0
end_of_record
TN:
SF:/home/fabianorodrigo/Projetos/solidity/dAppSoccerBet/backend-hardhat/contracts/Game.sol
FN:139,constructor
FN:168,openForBetting
FN:187,bet
FN:217,closeForBetting
FN:230,finalizeGame
FN:255,withdrawPrize
FN:284,destroyContract
FN:296,listBets
FN:304,getTotalStake
FN:312,getCommissionValue
FN:320,getPrize
FN:330,calcPrizes
FNF:12
FNH:12
FNDA:105,constructor
FNDA:24,openForBetting
FNDA:68,bet
FNDA:11,closeForBetting
FNDA:13,finalizeGame
FNDA:14,withdrawPrize
FNDA:37,destroyContract
FNDA:4,listBets
FNDA:1,getTotalStake
FNDA:13,getCommissionValue
FNDA:12,getPrize
FNDA:11,calcPrizes
DA:140,105
DA:141,105
DA:142,105
DA:143,105
DA:144,105
DA:145,105
DA:148,105
DA:149,105
DA:150,105
DA:169,24
DA:170,23
DA:171,23
DA:172,23
DA:188,68
DA:189,67
DA:190,66
DA:191,66
DA:199,65
DA:200,64
DA:201,64
DA:202,64
DA:218,11
DA:219,10
DA:220,10
DA:221,10
DA:231,13
DA:232,12
DA:237,11
DA:238,11
DA:239,11
DA:240,11
DA:256,14
DA:257,13
DA:262,10
DA:266,9
DA:267,9
DA:273,9
DA:285,37
DA:297,4
DA:305,1
DA:313,13
DA:321,12
DA:331,11
DA:332,11
DA:333,11
DA:334,11
DA:335,45
DA:339,9
DA:340,9
DA:341,9
DA:343,36
DA:346,11
DA:347,11
DA:351,11
DA:352,4
DA:356,7
DA:358,11
DA:362,45
DA:365,19
DA:366,19
DA:368,19
DA:369,10
DA:373,11
LF:63
LH:63
BRDA:169,1,0,23
BRDA:169,1,1,1
BRDA:170,2,0,23
BRDA:170,2,1,0
BRDA:188,3,0,67
BRDA:188,3,1,1
BRDA:189,4,0,66
BRDA:189,4,1,1
BRDA:190,5,0,66
BRDA:190,5,1,0
BRDA:191,6,0,65
BRDA:191,6,1,1
BRDA:199,7,0,64
BRDA:199,7,1,0
BRDA:218,8,0,10
BRDA:218,8,1,1
BRDA:219,9,0,10
BRDA:219,9,1,0
BRDA:231,10,0,12
BRDA:231,10,1,1
BRDA:232,11,0,11
BRDA:232,11,1,1
BRDA:256,12,0,13
BRDA:256,12,1,1
BRDA:257,13,0,10
BRDA:257,13,1,3
BRDA:262,14,0,9
BRDA:262,14,1,1
BRDA:273,15,0,9
BRDA:273,15,1,0
BRDA:331,16,0,11
BRDA:331,16,1,0
BRDA:335,17,0,9
BRDA:335,17,1,36
BRDA:351,18,0,4
BRDA:351,18,1,7
BRDA:362,19,0,19
BRDA:362,19,1,26
BRDA:368,20,0,10
BRDA:368,20,1,9
BRF:40
BRH:34
end_of_record
TN:
SF:/home/fabianorodrigo/Projetos/solidity/dAppSoccerBet/backend-hardhat/contracts/GameFactory.sol
FN:76,initialize
FN:105,newGame
FN:130,getCommission
FN:139,setCommission
FN:157,listGames
FNF:5
FNH:5
FNDA:114,initialize
FNDA:3,newGame
FNDA:2,getCommission
FNDA:1,setCommission
FNDA:5,listGames
DA:77,114
DA:78,114
DA:79,114
DA:80,114
DA:107,3
DA:116,3
DA:117,3
DA:131,2
DA:140,1
DA:141,1
DA:142,1
DA:158,5
DA:159,5
DA:160,4
DA:161,4
DA:162,4
DA:172,5
LF:17
LH:17
BRF:0
BRH:0
end_of_record
TN:
SF:/home/fabianorodrigo/Projetos/solidity/dAppSoccerBet/backend-hardhat/contracts/structs/Bet.sol
FNF:0
FNH:0
LF:0
LH:0
BRF:0
BRH:0
end_of_record
TN:
SF:/home/fabianorodrigo/Projetos/solidity/dAppSoccerBet/backend-hardhat/contracts/structs/GameDTO.sol
FNF:0
FNH:0
LF:0
LH:0
BRF:0
BRH:0
end_of_record
TN:
SF:/home/fabianorodrigo/Projetos/solidity/dAppSoccerBet/backend-hardhat/contracts/structs/Score.sol
FNF:0
FNH:0
LF:0
LH:0
BRF:0
BRH:0
end_of_record
TN:
SF:/home/fabianorodrigo/Projetos/solidity/dAppSoccerBet/backend-hardhat/contracts/TestingAuxiliar.sol
FN:19,constructor
FN:31,destroyContract
FNF:2
FNH:2
FNDA:3,constructor
FNDA:1,destroyContract
DA:20,3
DA:32,1
LF:2
LH:2
BRF:0
BRH:0
end_of_record
