TN:
SF:/home/fabianorodrigo/Projetos/solidity/dAppSoccerBet/backend-truffle/contracts/BetToken.sol
FN:46,constructor
FN:66,destroyContract
FNF:2
FNH:0
FNDA:0,constructor
FNDA:0,destroyContract
DA:52,0
DA:53,0
DA:67,0
LF:3
LH:0
BRF:0
BRH:0
end_of_record
TN:
SF:/home/fabianorodrigo/Projetos/solidity/dAppSoccerBet/backend-truffle/contracts/Calculator.sol
FN:12,constructor
FN:22,calcPercentage
FN:36,mulDiv
FN:68,fullMul
FNF:4
FNH:0
FNDA:0,constructor
FNDA:0,calcPercentage
FNDA:0,mulDiv
FNDA:0,fullMul
DA:28,0
DA:41,0
DA:42,0
DA:43,0
DA:76,0
DA:78,0
LF:6
LH:0
BRDA:42,1,0,0
BRDA:42,1,1,0
BRF:2
BRH:0
end_of_record
TN:
SF:/home/fabianorodrigo/Projetos/solidity/dAppSoccerBet/backend-truffle/contracts/Game.sol
FN:134,constructor
FN:161,openForBetting
FN:180,bet
FN:210,closeForBetting
FN:223,finalizeGame
FN:251,listBets
FN:259,getTotalStake
FN:267,getCommissionValue
FN:275,getPrize
FN:287,destroyContract
FN:297,payPrizes
FNF:11
FNH:0
FNDA:0,constructor
FNDA:0,openForBetting
FNDA:0,bet
FNDA:0,closeForBetting
FNDA:0,finalizeGame
FNDA:0,listBets
FNDA:0,getTotalStake
FNDA:0,getCommissionValue
FNDA:0,getPrize
FNDA:0,destroyContract
FNDA:0,payPrizes
DA:135,0
DA:136,0
DA:137,0
DA:138,0
DA:139,0
DA:140,0
DA:141,0
DA:142,0
DA:143,0
DA:162,0
DA:163,0
DA:164,0
DA:165,0
DA:181,0
DA:182,0
DA:183,0
DA:184,0
DA:192,0
DA:193,0
DA:194,0
DA:195,0
DA:211,0
DA:212,0
DA:213,0
DA:214,0
DA:224,0
DA:225,0
DA:230,0
DA:231,0
DA:232,0
DA:233,0
DA:252,0
DA:260,0
DA:268,0
DA:276,0
DA:288,0
DA:298,0
DA:299,0
DA:300,0
DA:301,0
DA:302,0
DA:306,0
DA:307,0
DA:308,0
DA:310,0
DA:313,0
DA:314,0
DA:318,0
DA:319,0
DA:323,0
DA:325,0
DA:329,0
DA:332,0
DA:333,0
DA:334,0
DA:337,0
LF:56
LH:0
BRDA:162,1,0,0
BRDA:162,1,1,0
BRDA:163,2,0,0
BRDA:163,2,1,0
BRDA:181,3,0,0
BRDA:181,3,1,0
BRDA:182,4,0,0
BRDA:182,4,1,0
BRDA:183,5,0,0
BRDA:183,5,1,0
BRDA:184,6,0,0
BRDA:184,6,1,0
BRDA:192,7,0,0
BRDA:192,7,1,0
BRDA:211,8,0,0
BRDA:211,8,1,0
BRDA:212,9,0,0
BRDA:212,9,1,0
BRDA:224,10,0,0
BRDA:224,10,1,0
BRDA:225,11,0,0
BRDA:225,11,1,0
BRDA:298,12,0,0
BRDA:298,12,1,0
BRDA:302,13,0,0
BRDA:302,13,1,0
BRDA:318,14,0,0
BRDA:318,14,1,0
BRDA:329,15,0,0
BRDA:329,15,1,0
BRF:30
BRH:0
end_of_record
TN:
SF:/home/fabianorodrigo/Projetos/solidity/dAppSoccerBet/backend-truffle/contracts/GameFactory.sol
FN:76,constructor
FN:103,newGame
FN:128,getCommission
FN:137,setCommission
FN:155,listGames
FN:181,destroyContract
FNF:6
FNH:0
FNDA:0,constructor
FNDA:0,newGame
FNDA:0,getCommission
FNDA:0,setCommission
FNDA:0,listGames
FNDA:0,destroyContract
DA:77,0
DA:78,0
DA:105,0
DA:114,0
DA:115,0
DA:129,0
DA:138,0
DA:139,0
DA:140,0
DA:156,0
DA:157,0
DA:158,0
DA:159,0
DA:160,0
DA:170,0
DA:182,0
LF:16
LH:0
BRF:0
BRH:0
end_of_record
TN:
SF:/home/fabianorodrigo/Projetos/solidity/dAppSoccerBet/backend-truffle/contracts/libs/StringUtils.sol
FN:9,concat
FN:21,concatSpaced
FN:32,toASCIIString
FN:44,char
FNF:4
FNH:0
FNDA:0,concat
FNDA:0,concatSpaced
FNDA:0,toASCIIString
FNDA:0,char
DA:14,0
DA:26,0
DA:33,0
DA:34,0
DA:35,0
DA:36,0
DA:37,0
DA:38,0
DA:39,0
DA:41,0
DA:45,0
LF:11
LH:0
BRDA:45,1,0,0
BRDA:45,1,1,0
BRF:2
BRH:0
end_of_record
TN:
SF:/home/fabianorodrigo/Projetos/solidity/dAppSoccerBet/backend-truffle/contracts/libs/Utils.sol
FN:10,isAliveContract
FNF:1
FNH:0
FNDA:0,isAliveContract
DA:11,0
DA:12,0
DA:15,0
LF:3
LH:0
BRF:0
BRH:0
end_of_record
TN:
SF:/home/fabianorodrigo/Projetos/solidity/dAppSoccerBet/backend-truffle/contracts/structs/Bet.sol
FNF:0
FNH:0
LF:0
LH:0
BRF:0
BRH:0
end_of_record
TN:
SF:/home/fabianorodrigo/Projetos/solidity/dAppSoccerBet/backend-truffle/contracts/structs/GameDTO.sol
FNF:0
FNH:0
LF:0
LH:0
BRF:0
BRH:0
end_of_record
TN:
SF:/home/fabianorodrigo/Projetos/solidity/dAppSoccerBet/backend-truffle/contracts/structs/Score.sol
FNF:0
FNH:0
LF:0
LH:0
BRF:0
BRH:0
end_of_record
TN:
SF:/home/fabianorodrigo/Projetos/solidity/dAppSoccerBet/backend-truffle/contracts/TestingAuxiliar.sol
FN:17,constructor
FN:29,destroyContract
FNF:2
FNH:0
FNDA:0,constructor
FNDA:0,destroyContract
DA:18,0
DA:30,0
LF:2
LH:0
BRF:0
BRH:0
end_of_record
